Handling lib "rpc-uart"...
Handling lib "rpc-service-i2c"...
Handling lib "watson"...
Handling lib "spi"...
Handling lib "rpc-ws"...
Handling lib "dash"...
Handling lib "ota-http-server"...
Handling lib "rpc-service-atca"...
Handling lib "http-server"...
Handling lib "vfs-dev-spi-flash"...
Handling lib "rpc-service-ota"...
Handling lib "rpc-loopback"...
Handling lib "sntp"...
Handling lib "provision"...
Handling lib "core"...
Handling lib "ota-shadow"...
Handling lib "rpc-service-config"...
Handling lib "rpc-service-fs"...
Handling lib "aws"...
Handling lib "fstab"...
Handling lib "atca"...
Handling lib "rpc-mqtt"...
Handling lib "dht"...
Handling lib "pwm"...
Handling lib "wifi"...
Handling lib "shadow"...
Handling lib "rpc-service-wifi"...
Handling lib "rpc-service-gpio"...
Handling lib "ca-bundle"...
Handling lib "dns-sd"...
Handling lib "ota-http-client"...
rpc-service-config: Checking out 2.15.0...
fstab: Checking out 2.15.0...
dns-sd: Checking out 2.15.0...
sntp: Checking out 2.15.0...
provision: Checking out 2.15.0...
atca: Checking out 2.15.0...
rpc-service-ota: Checking out 2.15.0...
ota-http-server: Checking out 2.15.0...
rpc-service-wifi: Checking out 2.15.0...
core: Checking out 2.15.0...
ota-shadow: Checking out 2.15.0...
rpc-uart: Checking out 2.15.0...
spi: Checking out 2.15.0...
dht: Checking out 2.15.0...
pwm: Checking out 2.15.0...
rpc-service-i2c: Checking out 2.15.0...
rpc-mqtt: Checking out 2.15.0...
shadow: Checking out 2.15.0...
ca-bundle: Checking out 2.15.0...
rpc-service-gpio: Checking out 2.15.0...
ota-http-client: Checking out 2.15.0...
aws: Checking out 2.15.0...
rpc-service-fs: Checking out 2.15.0...
dash: Checking out 2.15.0...
rpc-loopback: Checking out 2.15.0...
rpc-service-atca: Checking out 2.15.0...
watson: Checking out 2.15.0...
rpc-ws: Checking out 2.15.0...
http-server: Checking out 2.15.0...
vfs-dev-spi-flash: Checking out 2.15.0...
dns-sd: Done, hash e8470cc512707ebac9224c411c6b5433b0cad839
rpc-service-config: Done, hash b30e187977d8dafcb4297cff60e036855a7ff531
fstab: Done, hash 82cf05dda7e817a4aa4518003957c35fdfb178dc
rpc-service-wifi: Done, hash f81dd84dc9dd069c16fd37e5639dcc9d7d243b0d
aws: Done, hash f30c05f56fb1b53f2c3d41fe1d0c1d05472bdd8c
pwm: Done, hash 5818662baa7e8bc8e965420f0c1a78203dba0a76
rpc-service-ota: Done, hash 59faf121cbae8fb260557af7064c4a0216cbd0d0
atca: Done, hash f27a1b85d87e373f8c10aadd7227af020d997aef
dns-sd: Hash unchanged at e8470cc512707ebac9224c411c6b5433b0cad839 (dir "/data/fwbuild-volumes/2.15.0/apps/app1/esp8266/build_contexts/build_ctx_785108102/deps/dns-sd")
ota-http-server: Done, hash 6a4130f33dcde4940c079aef9c734d869df62f3b
dns-sd: Prepared local dir: "/data/fwbuild-volumes/2.15.0/apps/app1/esp8266/build_contexts/build_ctx_785108102/deps/dns-sd"
dht: Done, hash 3392941cb081cc7051287303b64c837dabe52e21
ota-http-client: Done, hash e2f9fcfcae9e6efb24e6de6b42af6dd483dd675b
spi: Done, hash 695570ae539cf829893b463758ab7e0b862a8865
rpc-service-gpio: Done, hash 97711ba3c3f994f68ad5990e1f3a662877c957b7
ota-shadow: Done, hash b3b148e5c6c21ae226143c1f8025facea51228fc
rpc-service-i2c: Done, hash 0ae1956a03d37c07adab58059fd457c37b2cba12
rpc-uart: Done, hash 4c68e5d7b3eecb19ccc6128f111a118384ed20b4
rpc-service-fs: Done, hash 5f252c2fa5ba989c09f734a4c407bcfef3699e38
rpc-mqtt: Done, hash bf134e13dd6b41d680b1de92918145f2fe2ace23
ca-bundle: Done, hash 82e0f7f0ea4b584f092146c18c6e28c015238243
rpc-loopback: Done, hash dec04b4ec1205e3fbf017a2cd3a5a3d8eceacd04
rpc-service-config: Hash unchanged at b30e187977d8dafcb4297cff60e036855a7ff531 (dir "/data/fwbuild-volumes/2.15.0/apps/app1/esp8266/build_contexts/build_ctx_785108102/deps/rpc-service-config")
rpc-service-config: Prepared local dir: "/data/fwbuild-volumes/2.15.0/apps/app1/esp8266/build_contexts/build_ctx_785108102/deps/rpc-service-config"
fstab: Hash unchanged at 82cf05dda7e817a4aa4518003957c35fdfb178dc (dir "/data/fwbuild-volumes/2.15.0/apps/app1/esp8266/build_contexts/build_ctx_785108102/deps/fstab")
fstab: Prepared local dir: "/data/fwbuild-volumes/2.15.0/apps/app1/esp8266/build_contexts/build_ctx_785108102/deps/fstab"
rpc-ws: Done, hash e8e507f4a91eb96a0c664fa33319b2e4f0ed89b2
provision: Done, hash 86b02414390c2237219cf1a3720c1e78b54d8e78
rpc-service-atca: Done, hash d971678a491187c9d0338a1a55cb7af7af0be0c7
sntp: Done, hash 42591292134b829afbceeecd1d52cd510dd922c2
shadow: Done, hash 3c21f7bfd2f5e2cbaa8e3f4621ff3f964e669b64
watson: Done, hash c855e5a552356199e651c6f83eb1121a2de3b533
rpc-service-wifi: Hash unchanged at f81dd84dc9dd069c16fd37e5639dcc9d7d243b0d (dir "/data/fwbuild-volumes/2.15.0/apps/app1/esp8266/build_contexts/build_ctx_785108102/deps/rpc-service-wifi")
rpc-service-wifi: Prepared local dir: "/data/fwbuild-volumes/2.15.0/apps/app1/esp8266/build_contexts/build_ctx_785108102/deps/rpc-service-wifi"
dash: Done, hash 8cdeb065b914d83418b87b6336dfddd8aec63afb
aws: Hash unchanged at f30c05f56fb1b53f2c3d41fe1d0c1d05472bdd8c (dir "/data/fwbuild-volumes/2.15.0/apps/app1/esp8266/build_contexts/build_ctx_785108102/deps/aws")
aws: Prepared local dir: "/data/fwbuild-volumes/2.15.0/apps/app1/esp8266/build_contexts/build_ctx_785108102/deps/aws"
core: Done, hash 90f56f1e361c7d25ef8c2e3b9a83ef0369760f2e
pwm: Hash unchanged at 5818662baa7e8bc8e965420f0c1a78203dba0a76 (dir "/data/fwbuild-volumes/2.15.0/apps/app1/esp8266/build_contexts/build_ctx_785108102/deps/pwm")
pwm: Prepared local dir: "/data/fwbuild-volumes/2.15.0/apps/app1/esp8266/build_contexts/build_ctx_785108102/deps/pwm"
http-server: Done, hash c13d9801ef3914f7954cc2e3424a78b89cea7f25
rpc-service-ota: Hash unchanged at 59faf121cbae8fb260557af7064c4a0216cbd0d0 (dir "/data/fwbuild-volumes/2.15.0/apps/app1/esp8266/build_contexts/build_ctx_785108102/deps/rpc-service-ota")
rpc-service-ota: Prepared local dir: "/data/fwbuild-volumes/2.15.0/apps/app1/esp8266/build_contexts/build_ctx_785108102/deps/rpc-service-ota"
ota-http-server: Hash unchanged at 6a4130f33dcde4940c079aef9c734d869df62f3b (dir "/data/fwbuild-volumes/2.15.0/apps/app1/esp8266/build_contexts/build_ctx_785108102/deps/ota-http-server")
ota-http-server: Prepared local dir: "/data/fwbuild-volumes/2.15.0/apps/app1/esp8266/build_contexts/build_ctx_785108102/deps/ota-http-server"
atca: Hash unchanged at f27a1b85d87e373f8c10aadd7227af020d997aef (dir "/data/fwbuild-volumes/2.15.0/apps/app1/esp8266/build_contexts/build_ctx_785108102/deps/atca")
atca: Prepared local dir: "/data/fwbuild-volumes/2.15.0/apps/app1/esp8266/build_contexts/build_ctx_785108102/deps/atca"
ota-http-client: Hash unchanged at e2f9fcfcae9e6efb24e6de6b42af6dd483dd675b (dir "/data/fwbuild-volumes/2.15.0/apps/app1/esp8266/build_contexts/build_ctx_785108102/deps/ota-http-client")
ota-http-client: Prepared local dir: "/data/fwbuild-volumes/2.15.0/apps/app1/esp8266/build_contexts/build_ctx_785108102/deps/ota-http-client"
dht: Hash unchanged at 3392941cb081cc7051287303b64c837dabe52e21 (dir "/data/fwbuild-volumes/2.15.0/apps/app1/esp8266/build_contexts/build_ctx_785108102/deps/dht")
dht: Prepared local dir: "/data/fwbuild-volumes/2.15.0/apps/app1/esp8266/build_contexts/build_ctx_785108102/deps/dht"
spi: Hash unchanged at 695570ae539cf829893b463758ab7e0b862a8865 (dir "/data/fwbuild-volumes/2.15.0/apps/app1/esp8266/build_contexts/build_ctx_785108102/deps/spi")
spi: Prepared local dir: "/data/fwbuild-volumes/2.15.0/apps/app1/esp8266/build_contexts/build_ctx_785108102/deps/spi"
rpc-service-gpio: Hash unchanged at 97711ba3c3f994f68ad5990e1f3a662877c957b7 (dir "/data/fwbuild-volumes/2.15.0/apps/app1/esp8266/build_contexts/build_ctx_785108102/deps/rpc-service-gpio")
rpc-service-gpio: Prepared local dir: "/data/fwbuild-volumes/2.15.0/apps/app1/esp8266/build_contexts/build_ctx_785108102/deps/rpc-service-gpio"
ota-shadow: Hash unchanged at b3b148e5c6c21ae226143c1f8025facea51228fc (dir "/data/fwbuild-volumes/2.15.0/apps/app1/esp8266/build_contexts/build_ctx_785108102/deps/ota-shadow")
ota-shadow: Prepared local dir: "/data/fwbuild-volumes/2.15.0/apps/app1/esp8266/build_contexts/build_ctx_785108102/deps/ota-shadow"
rpc-uart: Hash unchanged at 4c68e5d7b3eecb19ccc6128f111a118384ed20b4 (dir "/data/fwbuild-volumes/2.15.0/apps/app1/esp8266/build_contexts/build_ctx_785108102/deps/rpc-uart")
rpc-uart: Prepared local dir: "/data/fwbuild-volumes/2.15.0/apps/app1/esp8266/build_contexts/build_ctx_785108102/deps/rpc-uart"
rpc-service-i2c: Hash unchanged at 0ae1956a03d37c07adab58059fd457c37b2cba12 (dir "/data/fwbuild-volumes/2.15.0/apps/app1/esp8266/build_contexts/build_ctx_785108102/deps/rpc-service-i2c")
rpc-service-i2c: Prepared local dir: "/data/fwbuild-volumes/2.15.0/apps/app1/esp8266/build_contexts/build_ctx_785108102/deps/rpc-service-i2c"
rpc-service-fs: Hash unchanged at 5f252c2fa5ba989c09f734a4c407bcfef3699e38 (dir "/data/fwbuild-volumes/2.15.0/apps/app1/esp8266/build_contexts/build_ctx_785108102/deps/rpc-service-fs")
rpc-service-fs: Prepared local dir: "/data/fwbuild-volumes/2.15.0/apps/app1/esp8266/build_contexts/build_ctx_785108102/deps/rpc-service-fs"
rpc-mqtt: Hash unchanged at bf134e13dd6b41d680b1de92918145f2fe2ace23 (dir "/data/fwbuild-volumes/2.15.0/apps/app1/esp8266/build_contexts/build_ctx_785108102/deps/rpc-mqtt")
rpc-mqtt: Prepared local dir: "/data/fwbuild-volumes/2.15.0/apps/app1/esp8266/build_contexts/build_ctx_785108102/deps/rpc-mqtt"
rpc-loopback: Hash unchanged at dec04b4ec1205e3fbf017a2cd3a5a3d8eceacd04 (dir "/data/fwbuild-volumes/2.15.0/apps/app1/esp8266/build_contexts/build_ctx_785108102/deps/rpc-loopback")
rpc-loopback: Prepared local dir: "/data/fwbuild-volumes/2.15.0/apps/app1/esp8266/build_contexts/build_ctx_785108102/deps/rpc-loopback"
ca-bundle: Hash unchanged at 82e0f7f0ea4b584f092146c18c6e28c015238243 (dir "/data/fwbuild-volumes/2.15.0/apps/app1/esp8266/build_contexts/build_ctx_785108102/deps/ca-bundle")
rpc-ws: Hash unchanged at e8e507f4a91eb96a0c664fa33319b2e4f0ed89b2 (dir "/data/fwbuild-volumes/2.15.0/apps/app1/esp8266/build_contexts/build_ctx_785108102/deps/rpc-ws")
ca-bundle: Prepared local dir: "/data/fwbuild-volumes/2.15.0/apps/app1/esp8266/build_contexts/build_ctx_785108102/deps/ca-bundle"
rpc-ws: Prepared local dir: "/data/fwbuild-volumes/2.15.0/apps/app1/esp8266/build_contexts/build_ctx_785108102/deps/rpc-ws"
provision: Hash unchanged at 86b02414390c2237219cf1a3720c1e78b54d8e78 (dir "/data/fwbuild-volumes/2.15.0/apps/app1/esp8266/build_contexts/build_ctx_785108102/deps/provision")
provision: Prepared local dir: "/data/fwbuild-volumes/2.15.0/apps/app1/esp8266/build_contexts/build_ctx_785108102/deps/provision"
rpc-service-atca: Hash unchanged at d971678a491187c9d0338a1a55cb7af7af0be0c7 (dir "/data/fwbuild-volumes/2.15.0/apps/app1/esp8266/build_contexts/build_ctx_785108102/deps/rpc-service-atca")
sntp: Hash unchanged at 42591292134b829afbceeecd1d52cd510dd922c2 (dir "/data/fwbuild-volumes/2.15.0/apps/app1/esp8266/build_contexts/build_ctx_785108102/deps/sntp")
rpc-service-atca: Prepared local dir: "/data/fwbuild-volumes/2.15.0/apps/app1/esp8266/build_contexts/build_ctx_785108102/deps/rpc-service-atca"
shadow: Hash unchanged at 3c21f7bfd2f5e2cbaa8e3f4621ff3f964e669b64 (dir "/data/fwbuild-volumes/2.15.0/apps/app1/esp8266/build_contexts/build_ctx_785108102/deps/shadow")
shadow: Prepared local dir: "/data/fwbuild-volumes/2.15.0/apps/app1/esp8266/build_contexts/build_ctx_785108102/deps/shadow"
watson: Hash unchanged at c855e5a552356199e651c6f83eb1121a2de3b533 (dir "/data/fwbuild-volumes/2.15.0/apps/app1/esp8266/build_contexts/build_ctx_785108102/deps/watson")
watson: Prepared local dir: "/data/fwbuild-volumes/2.15.0/apps/app1/esp8266/build_contexts/build_ctx_785108102/deps/watson"
sntp: Prepared local dir: "/data/fwbuild-volumes/2.15.0/apps/app1/esp8266/build_contexts/build_ctx_785108102/deps/sntp"
dash: Hash unchanged at 8cdeb065b914d83418b87b6336dfddd8aec63afb (dir "/data/fwbuild-volumes/2.15.0/apps/app1/esp8266/build_contexts/build_ctx_785108102/deps/dash")
dash: Prepared local dir: "/data/fwbuild-volumes/2.15.0/apps/app1/esp8266/build_contexts/build_ctx_785108102/deps/dash"
http-server: Hash unchanged at c13d9801ef3914f7954cc2e3424a78b89cea7f25 (dir "/data/fwbuild-volumes/2.15.0/apps/app1/esp8266/build_contexts/build_ctx_785108102/deps/http-server")
http-server: Prepared local dir: "/data/fwbuild-volumes/2.15.0/apps/app1/esp8266/build_contexts/build_ctx_785108102/deps/http-server"
core: Hash unchanged at 90f56f1e361c7d25ef8c2e3b9a83ef0369760f2e (dir "/data/fwbuild-volumes/2.15.0/apps/app1/esp8266/build_contexts/build_ctx_785108102/deps/core")
core: Prepared local dir: "/data/fwbuild-volumes/2.15.0/apps/app1/esp8266/build_contexts/build_ctx_785108102/deps/core"
vfs-dev-spi-flash: Done, hash 38cf753b346a2f601012ab3614fcf5d42ce418b3
vfs-dev-spi-flash: Hash unchanged at 38cf753b346a2f601012ab3614fcf5d42ce418b3 (dir "/data/fwbuild-volumes/2.15.0/apps/app1/esp8266/build_contexts/build_ctx_785108102/deps/vfs-dev-spi-flash")
vfs-dev-spi-flash: Prepared local dir: "/data/fwbuild-volumes/2.15.0/apps/app1/esp8266/build_contexts/build_ctx_785108102/deps/vfs-dev-spi-flash"
wifi: Does not exist, cloning from "https://github.com/nevilneo010/mongooseOS-custombuild-aws"...
WARNING: the lib "wifi" does not have version 2.15.0. Resorting to latest, but the build might fail.
It usually happens if you clone the latest version of some example app, and try to build it with the mos tool which is older than the lib (in this case, "wifi").
Consider using the version 2.15.0 of the app (git checkout 2.15.0), or using latest mos tool (mos update latest).
wifi: Checking out master...
wifi: Done, hash 16d2f23610ee2f48f591bd89cdf9b8010b89c6ae
wifi: Hash unchanged at 16d2f23610ee2f48f591bd89cdf9b8010b89c6ae (dir "/data/fwbuild-volumes/2.15.0/apps/app1/esp8266/build_contexts/build_ctx_785108102/deps/mongooseOS-custombuild-aws/libs/wifi")
wifi: Prepared local dir: "/data/fwbuild-volumes/2.15.0/apps/app1/esp8266/build_contexts/build_ctx_785108102/deps/mongooseOS-custombuild-aws/libs/wifi"
Error: yaml: line 33: did not find expected ',' or ']'
/go/src/github.com/mongoose-os/mos/mos/manifest_parser/manifest_parser.go:934: parsing manifest "/data/fwbuild-volumes/2.15.0/apps/app1/esp8266/build_contexts/build_ctx_785108102/deps/mongooseOS-custombuild-aws/libs/wifi/mos.yml"
/go/src/github.com/mongoose-os/mos/mos/manifest_parser/manifest_parser.go:836: 
/go/src/github.com/mongoose-os/mos/mos/manifest_parser/manifest_parser.go:615: 
/go/src/github.com/mongoose-os/mos/mos/manifest_parser/manifest_parser.go:784: 
/go/src/github.com/mongoose-os/mos/mos/manifest_parser/manifest_parser.go:698: 
/go/src/github.com/mongoose-os/mos/mos/manifest_parser/manifest_parser.go:479: 
/go/src/github.com/mongoose-os/mos/mos/manifest_parser/manifest_parser.go:150: 
/go/src/github.com/mongoose-os/mos/mos/build_local.go:144: 
/go/src/github.com/mongoose-os/mos/mos/build.go:223: 
/go/src/github.com/mongoose-os/mos/mos/build.go:166: 
/go/src/github.com/mongoose-os/mos/mos/main.go:196: build failed
